current directory: /var/www/rails-test-app/vender/path/ruby/2.7.0/gems/msgpack-1.7.0/ext/msgpack
/home/ec2-user/.rbenv/versions/2.7.8/bin/ruby -I /home/ec2-user/.rbenv/versions/2.7.8/lib/ruby/2.7.0 -r ./siteconf20230411-3133-1elc55c.rb extconf.rb
checking for ruby/st.h... yes
checking for st.h... yes
checking for rb_enc_interned_str() in ruby.h... no
checking for rb_hash_new_capa() in ruby.h... no
creating Makefile

current directory: /var/www/rails-test-app/vender/path/ruby/2.7.0/gems/msgpack-1.7.0/ext/msgpack
make "DESTDIR=" clean

current directory: /var/www/rails-test-app/vender/path/ruby/2.7.0/gems/msgpack-1.7.0/ext/msgpack
make "DESTDIR="
compiling buffer.c
compiling buffer_class.c
compiling extension_value_class.c
compiling factory_class.c
compiling packer.c
compiling packer_class.c
compiling packer_ext_registry.c
compiling rbinit.c
compiling rmem.c
compiling unpacker.c
compiling unpacker_class.c
compiling unpacker_ext_registry.c
linking shared-object msgpack/msgpack.so

current directory: /var/www/rails-test-app/vender/path/ruby/2.7.0/gems/msgpack-1.7.0/ext/msgpack
make "DESTDIR=" install
/usr/bin/install -c -m 0755 msgpack.so ./.gem.20230411-3133-ol4vw2/msgpack
