have_header: checking for ruby/st.h... -------------------- yes

"gcc -o conftest -I/home/ec2-user/.rbenv/versions/2.7.8/include/ruby-2.7.0/x86_64-linux -I/home/ec2-user/.rbenv/versions/2.7.8/include/ruby-2.7.0/ruby/backward -I/home/ec2-user/.rbenv/versions/2.7.8/include/ruby-2.7.0 -I. -I/home/ec2-user/.rbenv/versions/2.7.8/include    -g -O2 -fPIC conftest.c  -L. -L/home/ec2-user/.rbenv/versions/2.7.8/lib -Wl,-rpath,/home/ec2-user/.rbenv/versions/2.7.8/lib -L. -L/home/ec2-user/.rbenv/versions/2.7.8/lib  -fstack-protector-strong -rdynamic -Wl,-export-dynamic     -Wl,-rpath,/home/ec2-user/.rbenv/versions/2.7.8/lib -L/home/ec2-user/.rbenv/versions/2.7.8/lib -lruby  -lm   -lc"
checked program was:
/* begin */
1: #include "ruby.h"
2: 
3: int main(int argc, char **argv)
4: {
5:   return !!argv[argc];
6: }
/* end */

"gcc -E -I/home/ec2-user/.rbenv/versions/2.7.8/include/ruby-2.7.0/x86_64-linux -I/home/ec2-user/.rbenv/versions/2.7.8/include/ruby-2.7.0/ruby/backward -I/home/ec2-user/.rbenv/versions/2.7.8/include/ruby-2.7.0 -I. -I/home/ec2-user/.rbenv/versions/2.7.8/include    -g -O2 -fPIC  conftest.c -o conftest.i"
checked program was:
/* begin */
1: #include "ruby.h"
2: 
3: #include <ruby/st.h>
/* end */

--------------------

have_header: checking for st.h... -------------------- yes

"gcc -E -I/home/ec2-user/.rbenv/versions/2.7.8/include/ruby-2.7.0/x86_64-linux -I/home/ec2-user/.rbenv/versions/2.7.8/include/ruby-2.7.0/ruby/backward -I/home/ec2-user/.rbenv/versions/2.7.8/include/ruby-2.7.0 -I. -I/home/ec2-user/.rbenv/versions/2.7.8/include    -g -O2 -fPIC  conftest.c -o conftest.i"
In file included from conftest.c:3:0:
/home/ec2-user/.rbenv/versions/2.7.8/include/ruby-2.7.0/ruby/backward/st.h:2:2: 警告: #warning use "ruby/st.h" instead of bare "st.h" [-Wcpp]
 #warning use "ruby/st.h" instead of bare "st.h"
  ^~~~~~~
checked program was:
/* begin */
1: #include "ruby.h"
2: 
3: #include <st.h>
/* end */

--------------------

have_func: checking for rb_enc_interned_str() in ruby.h... -------------------- no

"gcc -o conftest -I/home/ec2-user/.rbenv/versions/2.7.8/include/ruby-2.7.0/x86_64-linux -I/home/ec2-user/.rbenv/versions/2.7.8/include/ruby-2.7.0/ruby/backward -I/home/ec2-user/.rbenv/versions/2.7.8/include/ruby-2.7.0 -I. -I/home/ec2-user/.rbenv/versions/2.7.8/include    -g -O2 -fPIC conftest.c  -L. -L/home/ec2-user/.rbenv/versions/2.7.8/lib -Wl,-rpath,/home/ec2-user/.rbenv/versions/2.7.8/lib -L. -L/home/ec2-user/.rbenv/versions/2.7.8/lib  -fstack-protector-strong -rdynamic -Wl,-export-dynamic     -Wl,-rpath,/home/ec2-user/.rbenv/versions/2.7.8/lib -L/home/ec2-user/.rbenv/versions/2.7.8/lib -lruby  -lm   -lc"
conftest.c: 関数 ‘t’ 内:
conftest.c:16:57: エラー: ‘rb_enc_interned_str’ undeclared (first use in this function); did you mean ‘rb_sym_interned_p’?
 int t(void) { void ((*volatile p)()); p = (void ((*)()))rb_enc_interned_str; return !p; }
                                                         ^~~~~~~~~~~~~~~~~~~
                                                         rb_sym_interned_p
conftest.c:16:57: 備考: 未宣言の識別子は出現した各関数内で一回のみ報告されます
checked program was:
/* begin */
 1: #include "ruby.h"
 2: 
 3: #include <ruby.h>
 4: 
 5: /*top*/
 6: extern int t(void);
 7: int main(int argc, char **argv)
 8: {
 9:   if (argc > 1000000) {
10:     int (* volatile tp)(void)=(int (*)(void))&t;
11:     printf("%d", (*tp)());
12:   }
13: 
14:   return !!argv[argc];
15: }
16: int t(void) { void ((*volatile p)()); p = (void ((*)()))rb_enc_interned_str; return !p; }
/* end */

"gcc -o conftest -I/home/ec2-user/.rbenv/versions/2.7.8/include/ruby-2.7.0/x86_64-linux -I/home/ec2-user/.rbenv/versions/2.7.8/include/ruby-2.7.0/ruby/backward -I/home/ec2-user/.rbenv/versions/2.7.8/include/ruby-2.7.0 -I. -I/home/ec2-user/.rbenv/versions/2.7.8/include    -g -O2 -fPIC conftest.c  -L. -L/home/ec2-user/.rbenv/versions/2.7.8/lib -Wl,-rpath,/home/ec2-user/.rbenv/versions/2.7.8/lib -L. -L/home/ec2-user/.rbenv/versions/2.7.8/lib  -fstack-protector-strong -rdynamic -Wl,-export-dynamic     -Wl,-rpath,/home/ec2-user/.rbenv/versions/2.7.8/lib -L/home/ec2-user/.rbenv/versions/2.7.8/lib -lruby  -lm   -lc"
/tmp/cct3SXQc.o: 関数 `t' 内:
/var/www/rails-test-app/vender/path/ruby/2.7.0/gems/msgpack-1.7.0/ext/msgpack/conftest.c:17: `rb_enc_interned_str' に対する定義されていない参照です
collect2: エラー: ld はステータス 1 で終了しました
checked program was:
/* begin */
 1: #include "ruby.h"
 2: 
 3: #include <ruby.h>
 4: 
 5: /*top*/
 6: extern int t(void);
 7: int main(int argc, char **argv)
 8: {
 9:   if (argc > 1000000) {
10:     int (* volatile tp)(void)=(int (*)(void))&t;
11:     printf("%d", (*tp)());
12:   }
13: 
14:   return !!argv[argc];
15: }
16: extern void rb_enc_interned_str();
17: int t(void) { rb_enc_interned_str(); return 0; }
/* end */

--------------------

have_func: checking for rb_hash_new_capa() in ruby.h... -------------------- no

"gcc -o conftest -I/home/ec2-user/.rbenv/versions/2.7.8/include/ruby-2.7.0/x86_64-linux -I/home/ec2-user/.rbenv/versions/2.7.8/include/ruby-2.7.0/ruby/backward -I/home/ec2-user/.rbenv/versions/2.7.8/include/ruby-2.7.0 -I. -I/home/ec2-user/.rbenv/versions/2.7.8/include    -g -O2 -fPIC conftest.c  -L. -L/home/ec2-user/.rbenv/versions/2.7.8/lib -Wl,-rpath,/home/ec2-user/.rbenv/versions/2.7.8/lib -L. -L/home/ec2-user/.rbenv/versions/2.7.8/lib  -fstack-protector-strong -rdynamic -Wl,-export-dynamic     -Wl,-rpath,/home/ec2-user/.rbenv/versions/2.7.8/lib -L/home/ec2-user/.rbenv/versions/2.7.8/lib -lruby  -lm   -lc"
conftest.c: 関数 ‘t’ 内:
conftest.c:16:57: エラー: ‘rb_hash_new_capa’ undeclared (first use in this function); did you mean ‘rb_ary_new_capa’?
 int t(void) { void ((*volatile p)()); p = (void ((*)()))rb_hash_new_capa; return !p; }
                                                         ^~~~~~~~~~~~~~~~
                                                         rb_ary_new_capa
conftest.c:16:57: 備考: 未宣言の識別子は出現した各関数内で一回のみ報告されます
checked program was:
/* begin */
 1: #include "ruby.h"
 2: 
 3: #include <ruby.h>
 4: 
 5: /*top*/
 6: extern int t(void);
 7: int main(int argc, char **argv)
 8: {
 9:   if (argc > 1000000) {
10:     int (* volatile tp)(void)=(int (*)(void))&t;
11:     printf("%d", (*tp)());
12:   }
13: 
14:   return !!argv[argc];
15: }
16: int t(void) { void ((*volatile p)()); p = (void ((*)()))rb_hash_new_capa; return !p; }
/* end */

"gcc -o conftest -I/home/ec2-user/.rbenv/versions/2.7.8/include/ruby-2.7.0/x86_64-linux -I/home/ec2-user/.rbenv/versions/2.7.8/include/ruby-2.7.0/ruby/backward -I/home/ec2-user/.rbenv/versions/2.7.8/include/ruby-2.7.0 -I. -I/home/ec2-user/.rbenv/versions/2.7.8/include    -g -O2 -fPIC conftest.c  -L. -L/home/ec2-user/.rbenv/versions/2.7.8/lib -Wl,-rpath,/home/ec2-user/.rbenv/versions/2.7.8/lib -L. -L/home/ec2-user/.rbenv/versions/2.7.8/lib  -fstack-protector-strong -rdynamic -Wl,-export-dynamic     -Wl,-rpath,/home/ec2-user/.rbenv/versions/2.7.8/lib -L/home/ec2-user/.rbenv/versions/2.7.8/lib -lruby  -lm   -lc"
/tmp/ccpRFdom.o: 関数 `t' 内:
/var/www/rails-test-app/vender/path/ruby/2.7.0/gems/msgpack-1.7.0/ext/msgpack/conftest.c:17: `rb_hash_new_capa' に対する定義されていない参照です
collect2: エラー: ld はステータス 1 で終了しました
checked program was:
/* begin */
 1: #include "ruby.h"
 2: 
 3: #include <ruby.h>
 4: 
 5: /*top*/
 6: extern int t(void);
 7: int main(int argc, char **argv)
 8: {
 9:   if (argc > 1000000) {
10:     int (* volatile tp)(void)=(int (*)(void))&t;
11:     printf("%d", (*tp)());
12:   }
13: 
14:   return !!argv[argc];
15: }
16: extern void rb_hash_new_capa();
17: int t(void) { rb_hash_new_capa(); return 0; }
/* end */

--------------------

