"gcc -o conftest -I/home/ec2-user/.rbenv/versions/2.7.8/include/ruby-2.7.0/x86_64-linux -I/home/ec2-user/.rbenv/versions/2.7.8/include/ruby-2.7.0/ruby/backward -I/home/ec2-user/.rbenv/versions/2.7.8/include/ruby-2.7.0 -I. -I/home/ec2-user/.rbenv/versions/2.7.8/include    -g -O2 -fPIC conftest.c  -L. -L/home/ec2-user/.rbenv/versions/2.7.8/lib -Wl,-rpath,/home/ec2-user/.rbenv/versions/2.7.8/lib -L. -L/home/ec2-user/.rbenv/versions/2.7.8/lib  -fstack-protector-strong -rdynamic -Wl,-export-dynamic     -Wl,-rpath,/home/ec2-user/.rbenv/versions/2.7.8/lib -L/home/ec2-user/.rbenv/versions/2.7.8/lib -lruby  -lm   -lc"
checked program was:
/* begin */
1: #include "ruby.h"
2: 
3: int main(int argc, char **argv)
4: {
5:   return !!argv[argc];
6: }
/* end */

"gcc -I/home/ec2-user/.rbenv/versions/2.7.8/include/ruby-2.7.0/x86_64-linux -I/home/ec2-user/.rbenv/versions/2.7.8/include/ruby-2.7.0/ruby/backward -I/home/ec2-user/.rbenv/versions/2.7.8/include/ruby-2.7.0 -I. -I/home/ec2-user/.rbenv/versions/2.7.8/include    -g -O2 -fPIC   -c conftest.c"
conftest.c:5:3: エラー: #error 
 # error
   ^~~~~
conftest.c:6:1: エラー: expected identifier or ‘(’ before ‘|’ token
 |:/ === _WIN32 undefined === /:|
 ^
checked program was:
/* begin */
1: #include "ruby.h"
2: 
3: /*top*/
4: #ifndef _WIN32
5: # error
6: |:/ === _WIN32 undefined === /:|
7: #endif
/* end */

have_header: checking for termios.h... -------------------- yes

"gcc -E -I/home/ec2-user/.rbenv/versions/2.7.8/include/ruby-2.7.0/x86_64-linux -I/home/ec2-user/.rbenv/versions/2.7.8/include/ruby-2.7.0/ruby/backward -I/home/ec2-user/.rbenv/versions/2.7.8/include/ruby-2.7.0 -I. -I/home/ec2-user/.rbenv/versions/2.7.8/include    -g -O2 -fPIC  conftest.c -o conftest.i"
checked program was:
/* begin */
1: #include "ruby.h"
2: 
3: #include <termios.h>
/* end */

--------------------

have_func: checking for cfmakeraw() in termios.h... -------------------- yes

"gcc -o conftest -I/home/ec2-user/.rbenv/versions/2.7.8/include/ruby-2.7.0/x86_64-linux -I/home/ec2-user/.rbenv/versions/2.7.8/include/ruby-2.7.0/ruby/backward -I/home/ec2-user/.rbenv/versions/2.7.8/include/ruby-2.7.0 -I. -I/home/ec2-user/.rbenv/versions/2.7.8/include    -g -O2 -fPIC conftest.c  -L. -L/home/ec2-user/.rbenv/versions/2.7.8/lib -Wl,-rpath,/home/ec2-user/.rbenv/versions/2.7.8/lib -L. -L/home/ec2-user/.rbenv/versions/2.7.8/lib  -fstack-protector-strong -rdynamic -Wl,-export-dynamic     -Wl,-rpath,/home/ec2-user/.rbenv/versions/2.7.8/lib -L/home/ec2-user/.rbenv/versions/2.7.8/lib -lruby  -lm   -lc"
checked program was:
/* begin */
 1: #include "ruby.h"
 2: 
 3: #include <termios.h>
 4: 
 5: /*top*/
 6: extern int t(void);
 7: int main(int argc, char **argv)
 8: {
 9:   if (argc > 1000000) {
10:     int (* volatile tp)(void)=(int (*)(void))&t;
11:     printf("%d", (*tp)());
12:   }
13: 
14:   return !!argv[argc];
15: }
16: int t(void) { void ((*volatile p)()); p = (void ((*)()))cfmakeraw; return !p; }
/* end */

--------------------

have_header: checking for sys/ioctl.h... -------------------- yes

"gcc -E -I/home/ec2-user/.rbenv/versions/2.7.8/include/ruby-2.7.0/x86_64-linux -I/home/ec2-user/.rbenv/versions/2.7.8/include/ruby-2.7.0/ruby/backward -I/home/ec2-user/.rbenv/versions/2.7.8/include/ruby-2.7.0 -I. -I/home/ec2-user/.rbenv/versions/2.7.8/include    -g -O2 -fPIC  conftest.c -o conftest.i"
checked program was:
/* begin */
1: #include "ruby.h"
2: 
3: #include <sys/ioctl.h>
/* end */

--------------------

have_macro: checking for HAVE_RUBY_FIBER_SCHEDULER_H... -------------------- no

"gcc -I/home/ec2-user/.rbenv/versions/2.7.8/include/ruby-2.7.0/x86_64-linux -I/home/ec2-user/.rbenv/versions/2.7.8/include/ruby-2.7.0/ruby/backward -I/home/ec2-user/.rbenv/versions/2.7.8/include/ruby-2.7.0 -I. -I/home/ec2-user/.rbenv/versions/2.7.8/include    -g -O2 -fPIC   -c conftest.c"
conftest.c:5:3: エラー: #error 
 # error
   ^~~~~
conftest.c:6:1: エラー: expected identifier or ‘(’ before ‘|’ token
 |:/ === HAVE_RUBY_FIBER_SCHEDULER_H undefined === /:|
 ^
checked program was:
/* begin */
1: #include "ruby.h"
2: 
3: /*top*/
4: #ifndef HAVE_RUBY_FIBER_SCHEDULER_H
5: # error
6: |:/ === HAVE_RUBY_FIBER_SCHEDULER_H undefined === /:|
7: #endif
/* end */

--------------------

have_func: checking for rb_scheduler_timeout()... -------------------- no

"gcc -o conftest -I/home/ec2-user/.rbenv/versions/2.7.8/include/ruby-2.7.0/x86_64-linux -I/home/ec2-user/.rbenv/versions/2.7.8/include/ruby-2.7.0/ruby/backward -I/home/ec2-user/.rbenv/versions/2.7.8/include/ruby-2.7.0 -I. -I/home/ec2-user/.rbenv/versions/2.7.8/include    -g -O2 -fPIC conftest.c  -L. -L/home/ec2-user/.rbenv/versions/2.7.8/lib -Wl,-rpath,/home/ec2-user/.rbenv/versions/2.7.8/lib -L. -L/home/ec2-user/.rbenv/versions/2.7.8/lib  -fstack-protector-strong -rdynamic -Wl,-export-dynamic     -Wl,-rpath,/home/ec2-user/.rbenv/versions/2.7.8/lib -L/home/ec2-user/.rbenv/versions/2.7.8/lib -lruby  -lm   -lc"
conftest.c: 関数 ‘t’ 内:
conftest.c:14:57: エラー: ‘rb_scheduler_timeout’ undeclared (first use in this function); did you mean ‘rb_str_times’?
 int t(void) { void ((*volatile p)()); p = (void ((*)()))rb_scheduler_timeout; return !p; }
                                                         ^~~~~~~~~~~~~~~~~~~~
                                                         rb_str_times
conftest.c:14:57: 備考: 未宣言の識別子は出現した各関数内で一回のみ報告されます
checked program was:
/* begin */
 1: #include "ruby.h"
 2: 
 3: /*top*/
 4: extern int t(void);
 5: int main(int argc, char **argv)
 6: {
 7:   if (argc > 1000000) {
 8:     int (* volatile tp)(void)=(int (*)(void))&t;
 9:     printf("%d", (*tp)());
10:   }
11: 
12:   return !!argv[argc];
13: }
14: int t(void) { void ((*volatile p)()); p = (void ((*)()))rb_scheduler_timeout; return !p; }
/* end */

"gcc -o conftest -I/home/ec2-user/.rbenv/versions/2.7.8/include/ruby-2.7.0/x86_64-linux -I/home/ec2-user/.rbenv/versions/2.7.8/include/ruby-2.7.0/ruby/backward -I/home/ec2-user/.rbenv/versions/2.7.8/include/ruby-2.7.0 -I. -I/home/ec2-user/.rbenv/versions/2.7.8/include    -g -O2 -fPIC conftest.c  -L. -L/home/ec2-user/.rbenv/versions/2.7.8/lib -Wl,-rpath,/home/ec2-user/.rbenv/versions/2.7.8/lib -L. -L/home/ec2-user/.rbenv/versions/2.7.8/lib  -fstack-protector-strong -rdynamic -Wl,-export-dynamic     -Wl,-rpath,/home/ec2-user/.rbenv/versions/2.7.8/lib -L/home/ec2-user/.rbenv/versions/2.7.8/lib -lruby  -lm   -lc"
/tmp/ccLg0ahu.o: 関数 `t' 内:
/var/www/rails-test-app/vender/path/ruby/2.7.0/gems/io-console-0.6.0/ext/io/console/conftest.c:15: `rb_scheduler_timeout' に対する定義されていない参照です
collect2: エラー: ld はステータス 1 で終了しました
checked program was:
/* begin */
 1: #include "ruby.h"
 2: 
 3: /*top*/
 4: extern int t(void);
 5: int main(int argc, char **argv)
 6: {
 7:   if (argc > 1000000) {
 8:     int (* volatile tp)(void)=(int (*)(void))&t;
 9:     printf("%d", (*tp)());
10:   }
11: 
12:   return !!argv[argc];
13: }
14: extern void rb_scheduler_timeout();
15: int t(void) { rb_scheduler_timeout(); return 0; }
/* end */

--------------------

